[2022-11-14T06:17:01.329+0000] {taskinstance.py:1165} INFO - Dependencies all met for <TaskInstance: walmart-ml-workflow.train scheduled__2022-09-08T00:00:00+00:00 [queued]>
[2022-11-14T06:17:01.680+0000] {taskinstance.py:1165} INFO - Dependencies all met for <TaskInstance: walmart-ml-workflow.train scheduled__2022-09-08T00:00:00+00:00 [queued]>
[2022-11-14T06:17:01.681+0000] {taskinstance.py:1362} INFO - 
--------------------------------------------------------------------------------
[2022-11-14T06:17:01.681+0000] {taskinstance.py:1363} INFO - Starting attempt 3 of 4
[2022-11-14T06:17:01.682+0000] {taskinstance.py:1364} INFO - 
--------------------------------------------------------------------------------
[2022-11-14T06:17:02.241+0000] {listener.py:27} INFO - TaskInstance Details: dag_id=walmart-ml-workflow, task_id=train, dagrun_id=scheduled__2022-09-08T00:00:00+00:00, map_index=-1, run_start_date=2022-11-14 06:17:01.413835+00:00, try_number=3, job_id=63, op_classpath=airflow.operators.bash.BashOperator
[2022-11-14T06:17:03.063+0000] {factory.py:123} ERROR - Did not find openlineage.yml and OPENLINEAGE_URL is not set
[2022-11-14T06:17:03.083+0000] {factory.py:44} WARNING - Couldn't initialize transport; will print events to console.
[2022-11-14T06:17:03.162+0000] {console.py:22} INFO - {"eventTime": "2022-11-14T06:17:01.413835Z", "eventType": "START", "inputs": [], "job": {"facets": {"documentation": {"_producer": "https://github.com/OpenLineage/OpenLineage/tree/0.15.1/integration/airflow", "_schemaURL": "https://raw.githubusercontent.com/OpenLineage/OpenLineage/main/spec/OpenLineage.json#/definitions/DocumentationJobFacet", "description": "A simple Machine Learning workflow for Walmart Sales"}}, "name": "walmart-ml-workflow.train", "namespace": "default"}, "outputs": [], "producer": "https://github.com/OpenLineage/OpenLineage/tree/0.15.1/integration/airflow", "run": {"facets": {"airflow_runArgs": {"_producer": "https://github.com/OpenLineage/OpenLineage/tree/0.15.1/integration/airflow", "_schemaURL": "https://raw.githubusercontent.com/OpenLineage/OpenLineage/main/spec/OpenLineage.json#/definitions/BaseFacet", "externalTrigger": false}, "airflow_version": {"_producer": "https://github.com/OpenLineage/OpenLineage/tree/0.15.1/integration/airflow", "_schemaURL": "https://raw.githubusercontent.com/OpenLineage/OpenLineage/main/spec/OpenLineage.json#/definitions/BaseFacet", "airflowVersion": "2.4.2+astro.1", "openlineageAirflowVersion": "0.15.1", "operator": "airflow.operators.bash.BashOperator", "taskInfo": {"_BaseOperator__from_mapped": false, "_BaseOperator__init_kwargs": {"bash_command": "python3 /usr/local/airflow/scripts/train.py", "depends_on_past": false, "email": [], "email_on_failure": false, "email_on_retry": false, "owner": "Anat Lev-Ari", "retries": 3, "retry_delay": "0:05:00", "task_id": "train"}, "_BaseOperator__instantiated": true, "_dag": {"dag_id": "walmart-ml-workflow", "schedule_interval": "1 day, 0:00:00", "tags": []}, "_log": "<Logger airflow.task.operators (INFO)>", "append_env": false, "bash_command": "python3 /usr/local/airflow/scripts/train.py", "depends_on_past": false, "do_xcom_push": true, "downstream_task_ids": "set()", "email": [], "email_on_failure": false, "email_on_retry": false, "executor_config": {}, "ignore_first_depends_on_past": true, "inlets": [], "outlets": [], "output_encoding": "utf-8", "owner": "Anat Lev-Ari", "params": "{}", "pool": "default_pool", "pool_slots": 1, "priority_weight": 1, "queue": "default", "retries": 3, "retry_delay": "0:05:00", "retry_exponential_backoff": false, "skip_exit_code": 99, "start_date": "2022-08-27T00:00:00+00:00", "task_group": "<airflow.utils.task_group.TaskGroup object at 0x402c11cd30>", "task_id": "train", "trigger_rule": "all_success", "upstream_task_ids": "{'get_store_data'}", "wait_for_downstream": false, "weight_rule": "downstream"}}, "nominalTime": {"_producer": "https://github.com/OpenLineage/OpenLineage/tree/0.15.1/integration/airflow", "_schemaURL": "https://raw.githubusercontent.com/OpenLineage/OpenLineage/main/spec/OpenLineage.json#/definitions/NominalTimeRunFacet", "nominalStartTime": "2022-09-08T00:00:00.000000Z"}, "parent": {"_producer": "https://github.com/OpenLineage/OpenLineage/tree/0.15.1/integration/airflow", "_schemaURL": "https://raw.githubusercontent.com/OpenLineage/OpenLineage/main/spec/OpenLineage.json#/definitions/ParentRunFacet", "job": {"name": "walmart-ml-workflow", "namespace": "default"}, "run": {"runId": "d397f5cc-ad2f-3913-8df7-d9d6e2cfdc9b"}}, "parentRun": {"_producer": "https://github.com/OpenLineage/OpenLineage/tree/0.15.1/integration/airflow", "_schemaURL": "https://raw.githubusercontent.com/OpenLineage/OpenLineage/main/spec/OpenLineage.json#/definitions/ParentRunFacet", "job": {"name": "walmart-ml-workflow", "namespace": "default"}, "run": {"runId": "d397f5cc-ad2f-3913-8df7-d9d6e2cfdc9b"}}, "unknownSourceAttribute": {"_producer": "https://github.com/OpenLineage/OpenLineage/tree/0.15.1/integration/airflow", "_schemaURL": "https://raw.githubusercontent.com/OpenLineage/OpenLineage/main/spec/OpenLineage.json#/definitions/BaseFacet", "unknownItems": [{"name": "BashOperator", "properties": {"_BaseOperator__from_mapped": false, "_BaseOperator__init_kwargs": {"bash_command": "python3 /usr/local/airflow/scripts/train.py", "depends_on_past": false, "email": [], "email_on_failure": false, "email_on_retry": false, "owner": "Anat Lev-Ari", "retries": 3, "retry_delay": "<<non-serializable: timedelta>>", "task_id": "train"}, "_BaseOperator__instantiated": true, "_dag": "<<non-serializable: DAG>>", "_log": "<<non-serializable: Logger>>", "append_env": false, "bash_command": "python3 /usr/local/airflow/scripts/train.py", "depends_on_past": false, "do_xcom_push": true, "downstream_task_ids": [], "email": [], "email_on_failure": false, "email_on_retry": false, "executor_config": {}, "ignore_first_depends_on_past": true, "inlets": [], "outlets": [], "output_encoding": "utf-8", "owner": "Anat Lev-Ari", "params": "<<non-serializable: ParamsDict>>", "pool": "default_pool", "pool_slots": 1, "priority_weight": 1, "queue": "default", "retries": 3, "retry_delay": "<<non-serializable: timedelta>>", "retry_exponential_backoff": false, "skip_exit_code": 99, "start_date": "<<non-serializable: DateTime>>", "task_group": "<<non-serializable: TaskGroup>>", "task_id": "train", "trigger_rule": "all_success", "upstream_task_ids": [], "wait_for_downstream": false, "weight_rule": "downstream"}, "type": "operator"}]}}, "runId": "598b8bea-6ad5-4d68-a4b5-e2552dde0826"}}
[2022-11-14T06:17:03.203+0000] {taskinstance.py:1383} INFO - Executing <Task(BashOperator): train> on 2022-09-08 00:00:00+00:00
[2022-11-14T06:17:03.244+0000] {standard_task_runner.py:55} INFO - Started process 328 to run task
[2022-11-14T06:17:03.358+0000] {standard_task_runner.py:82} INFO - Running: ['airflow', 'tasks', 'run', 'walmart-ml-workflow', 'train', 'scheduled__2022-09-08T00:00:00+00:00', '--job-id', '63', '--raw', '--subdir', 'DAGS_FOLDER/walmart-ml-workflow.py', '--cfg-path', '/tmp/tmpygxlx_p8']
[2022-11-14T06:17:03.413+0000] {standard_task_runner.py:83} INFO - Job 63: Subtask train
[2022-11-14T06:17:03.577+0000] {logging_mixin.py:120} WARNING - /usr/local/lib/python3.9/site-packages/airflow/configuration.py:545 DeprecationWarning: The sql_alchemy_conn option in [core] has been moved to the sql_alchemy_conn option in [database] - the old setting has been used, but please update your config.
[2022-11-14T06:17:04.517+0000] {task_command.py:376} INFO - Running <TaskInstance: walmart-ml-workflow.train scheduled__2022-09-08T00:00:00+00:00 [running]> on host b7841698cbf3
[2022-11-14T06:17:06.483+0000] {taskinstance.py:1590} INFO - Exporting the following env vars:
AIRFLOW_CTX_DAG_EMAIL=anatleva@gmail.com
AIRFLOW_CTX_DAG_OWNER=Anat Lev-Ari
AIRFLOW_CTX_DAG_ID=walmart-ml-workflow
AIRFLOW_CTX_TASK_ID=train
AIRFLOW_CTX_EXECUTION_DATE=2022-09-08T00:00:00+00:00
AIRFLOW_CTX_TRY_NUMBER=3
AIRFLOW_CTX_DAG_RUN_ID=scheduled__2022-09-08T00:00:00+00:00
[2022-11-14T06:17:06.515+0000] {subprocess.py:63} INFO - Tmp dir root location: 
 /tmp
[2022-11-14T06:17:06.526+0000] {subprocess.py:75} INFO - Running command: ['/bin/bash', '-c', 'python3 /usr/local/airflow/scripts/train.py']
[2022-11-14T06:17:06.823+0000] {subprocess.py:86} INFO - Output:
