[2022-11-14T05:29:14.378+0000] {manager.py:483} INFO - Processing files using up to 2 processes at a time 
[2022-11-14T05:29:14.386+0000] {manager.py:484} INFO - Process each file at most once every 30 seconds
[2022-11-14T05:29:14.387+0000] {manager.py:485} INFO - Checking for new files in /usr/local/airflow/dags every 300 seconds
[2022-11-14T05:29:14.388+0000] {manager.py:724} INFO - Searching for files in /usr/local/airflow/dags
[2022-11-14T05:29:14.406+0000] {manager.py:727} INFO - There are 1 files in /usr/local/airflow/dags
[2022-11-14T05:29:14.547+0000] {manager.py:846} INFO - 
================================================================================
DAG File Processing Stats

File Path                                         PID  Runtime      # DAGs    # Errors  Last Runtime    Last Run
----------------------------------------------  -----  ---------  --------  ----------  --------------  ----------
/usr/local/airflow/dags/walmart-ml-workflow.py    209  0.04s             0           0
================================================================================
[2022-11-14T05:29:44.781+0000] {manager.py:846} INFO - 
================================================================================
DAG File Processing Stats

File Path                                       PID    Runtime      # DAGs    # Errors  Last Runtime    Last Run
----------------------------------------------  -----  ---------  --------  ----------  --------------  -------------------
/usr/local/airflow/dags/walmart-ml-workflow.py                           1           0  0.59s           2022-11-14T05:29:15
================================================================================
[2022-11-14T05:30:15.036+0000] {manager.py:846} INFO - 
================================================================================
DAG File Processing Stats

File Path                                       PID    Runtime      # DAGs    # Errors  Last Runtime    Last Run
----------------------------------------------  -----  ---------  --------  ----------  --------------  -------------------
/usr/local/airflow/dags/walmart-ml-workflow.py                           1           0  0.40s           2022-11-14T05:29:45
================================================================================
[2022-11-14T05:30:45.330+0000] {manager.py:846} INFO - 
================================================================================
DAG File Processing Stats

File Path                                       PID    Runtime      # DAGs    # Errors  Last Runtime    Last Run
----------------------------------------------  -----  ---------  --------  ----------  --------------  -------------------
/usr/local/airflow/dags/walmart-ml-workflow.py                           1           0  0.38s           2022-11-14T05:30:16
================================================================================
[2022-11-14T05:31:15.475+0000] {manager.py:846} INFO - 
================================================================================
DAG File Processing Stats

File Path                                       PID    Runtime      # DAGs    # Errors  Last Runtime    Last Run
----------------------------------------------  -----  ---------  --------  ----------  --------------  -------------------
/usr/local/airflow/dags/walmart-ml-workflow.py                           1           0  0.53s           2022-11-14T05:30:47
================================================================================
[2022-11-14T05:31:45.484+0000] {manager.py:846} INFO - 
================================================================================
DAG File Processing Stats

File Path                                       PID    Runtime      # DAGs    # Errors  Last Runtime    Last Run
----------------------------------------------  -----  ---------  --------  ----------  --------------  -------------------
/usr/local/airflow/dags/walmart-ml-workflow.py                           1           0  0.66s           2022-11-14T05:31:18
================================================================================
[2022-11-14T05:32:16.064+0000] {manager.py:846} INFO - 
================================================================================
DAG File Processing Stats

File Path                                       PID    Runtime      # DAGs    # Errors  Last Runtime    Last Run
----------------------------------------------  -----  ---------  --------  ----------  --------------  -------------------
/usr/local/airflow/dags/walmart-ml-workflow.py                           1           0  0.44s           2022-11-14T05:31:48
================================================================================
[2022-11-14T05:32:46.815+0000] {manager.py:846} INFO - 
================================================================================
DAG File Processing Stats

File Path                                       PID    Runtime      # DAGs    # Errors  Last Runtime    Last Run
----------------------------------------------  -----  ---------  --------  ----------  --------------  -------------------
/usr/local/airflow/dags/walmart-ml-workflow.py                           1           0  0.42s           2022-11-14T05:32:19
================================================================================
[2022-11-14T05:33:17.571+0000] {manager.py:846} INFO - 
================================================================================
DAG File Processing Stats

File Path                                       PID    Runtime      # DAGs    # Errors  Last Runtime    Last Run
----------------------------------------------  -----  ---------  --------  ----------  --------------  -------------------
/usr/local/airflow/dags/walmart-ml-workflow.py                           1           0  0.36s           2022-11-14T05:32:50
================================================================================
[2022-11-14T05:33:47.621+0000] {manager.py:846} INFO - 
================================================================================
DAG File Processing Stats

File Path                                       PID    Runtime      # DAGs    # Errors  Last Runtime    Last Run
----------------------------------------------  -----  ---------  --------  ----------  --------------  -------------------
/usr/local/airflow/dags/walmart-ml-workflow.py                           1           0  0.40s           2022-11-14T05:33:21
================================================================================
[2022-11-14T05:34:15.297+0000] {manager.py:724} INFO - Searching for files in /usr/local/airflow/dags
[2022-11-14T05:34:15.323+0000] {manager.py:727} INFO - There are 1 files in /usr/local/airflow/dags
[2022-11-14T05:34:18.385+0000] {manager.py:846} INFO - 
================================================================================
DAG File Processing Stats

File Path                                       PID    Runtime      # DAGs    # Errors  Last Runtime    Last Run
----------------------------------------------  -----  ---------  --------  ----------  --------------  -------------------
/usr/local/airflow/dags/walmart-ml-workflow.py                           1           0  0.40s           2022-11-14T05:33:51
================================================================================
[2022-11-14T05:34:48.542+0000] {manager.py:846} INFO - 
================================================================================
DAG File Processing Stats

File Path                                       PID    Runtime      # DAGs    # Errors  Last Runtime    Last Run
----------------------------------------------  -----  ---------  --------  ----------  --------------  -------------------
/usr/local/airflow/dags/walmart-ml-workflow.py                           1           0  0.48s           2022-11-14T05:34:22
================================================================================
[2022-11-14T05:35:19.282+0000] {manager.py:846} INFO - 
================================================================================
DAG File Processing Stats

File Path                                       PID    Runtime      # DAGs    # Errors  Last Runtime    Last Run
----------------------------------------------  -----  ---------  --------  ----------  --------------  -------------------
/usr/local/airflow/dags/walmart-ml-workflow.py                           1           0  0.38s           2022-11-14T05:34:53
================================================================================
[2022-11-14T05:35:49.322+0000] {manager.py:846} INFO - 
================================================================================
DAG File Processing Stats

File Path                                       PID    Runtime      # DAGs    # Errors  Last Runtime    Last Run
----------------------------------------------  -----  ---------  --------  ----------  --------------  -------------------
/usr/local/airflow/dags/walmart-ml-workflow.py                           1           0  0.44s           2022-11-14T05:35:24
================================================================================
[2022-11-14T05:36:19.340+0000] {manager.py:846} INFO - 
================================================================================
DAG File Processing Stats

File Path                                       PID    Runtime      # DAGs    # Errors  Last Runtime    Last Run
----------------------------------------------  -----  ---------  --------  ----------  --------------  -------------------
/usr/local/airflow/dags/walmart-ml-workflow.py                           1           0  0.49s           2022-11-14T05:35:55
================================================================================
[2022-11-14T05:36:49.466+0000] {manager.py:846} INFO - 
================================================================================
DAG File Processing Stats

File Path                                       PID    Runtime      # DAGs    # Errors  Last Runtime    Last Run
----------------------------------------------  -----  ---------  --------  ----------  --------------  -------------------
/usr/local/airflow/dags/walmart-ml-workflow.py                           1           0  0.49s           2022-11-14T05:36:26
================================================================================
[2022-11-14T05:37:19.624+0000] {manager.py:846} INFO - 
================================================================================
DAG File Processing Stats

File Path                                       PID    Runtime      # DAGs    # Errors  Last Runtime    Last Run
----------------------------------------------  -----  ---------  --------  ----------  --------------  -------------------
/usr/local/airflow/dags/walmart-ml-workflow.py                           1           0  0.44s           2022-11-14T05:36:57
================================================================================
[2022-11-14T05:37:50.269+0000] {manager.py:846} INFO - 
================================================================================
DAG File Processing Stats

File Path                                       PID    Runtime      # DAGs    # Errors  Last Runtime    Last Run
----------------------------------------------  -----  ---------  --------  ----------  --------------  -------------------
/usr/local/airflow/dags/walmart-ml-workflow.py                           1           0  0.46s           2022-11-14T05:37:27
================================================================================
[2022-11-14T05:38:21.263+0000] {manager.py:846} INFO - 
================================================================================
DAG File Processing Stats

File Path                                       PID    Runtime      # DAGs    # Errors  Last Runtime    Last Run
----------------------------------------------  -----  ---------  --------  ----------  --------------  -------------------
/usr/local/airflow/dags/walmart-ml-workflow.py                           1           0  0.44s           2022-11-14T05:37:59
================================================================================
[2022-11-14T05:38:51.326+0000] {manager.py:846} INFO - 
================================================================================
DAG File Processing Stats

File Path                                       PID    Runtime      # DAGs    # Errors  Last Runtime    Last Run
----------------------------------------------  -----  ---------  --------  ----------  --------------  -------------------
/usr/local/airflow/dags/walmart-ml-workflow.py                           1           0  0.37s           2022-11-14T05:38:30
================================================================================
[2022-11-14T05:39:15.670+0000] {manager.py:724} INFO - Searching for files in /usr/local/airflow/dags
[2022-11-14T05:39:15.695+0000] {manager.py:727} INFO - There are 1 files in /usr/local/airflow/dags
[2022-11-14T05:39:21.801+0000] {manager.py:846} INFO - 
================================================================================
DAG File Processing Stats

File Path                                       PID    Runtime      # DAGs    # Errors  Last Runtime    Last Run
----------------------------------------------  -----  ---------  --------  ----------  --------------  -------------------
/usr/local/airflow/dags/walmart-ml-workflow.py                           1           0  0.48s           2022-11-14T05:38:52
================================================================================
[2022-11-14T05:39:52.518+0000] {manager.py:846} INFO - 
================================================================================
DAG File Processing Stats

File Path                                       PID    Runtime      # DAGs    # Errors  Last Runtime    Last Run
----------------------------------------------  -----  ---------  --------  ----------  --------------  -------------------
/usr/local/airflow/dags/walmart-ml-workflow.py                           1           0  0.43s           2022-11-14T05:39:23
================================================================================
[2022-11-14T05:40:23.309+0000] {manager.py:846} INFO - 
================================================================================
DAG File Processing Stats

File Path                                       PID    Runtime      # DAGs    # Errors  Last Runtime    Last Run
----------------------------------------------  -----  ---------  --------  ----------  --------------  -------------------
/usr/local/airflow/dags/walmart-ml-workflow.py                           1           0  0.48s           2022-11-14T05:39:54
================================================================================
[2022-11-14T05:40:53.943+0000] {manager.py:846} INFO - 
================================================================================
DAG File Processing Stats

File Path                                       PID    Runtime      # DAGs    # Errors  Last Runtime    Last Run
----------------------------------------------  -----  ---------  --------  ----------  --------------  -------------------
/usr/local/airflow/dags/walmart-ml-workflow.py                           1           0  0.45s           2022-11-14T05:40:24
================================================================================
[2022-11-14T05:41:24.822+0000] {manager.py:846} INFO - 
================================================================================
DAG File Processing Stats

File Path                                       PID    Runtime      # DAGs    # Errors  Last Runtime    Last Run
----------------------------------------------  -----  ---------  --------  ----------  --------------  -------------------
/usr/local/airflow/dags/walmart-ml-workflow.py                           1           0  0.50s           2022-11-14T05:40:55
================================================================================
[2022-11-14T05:41:55.380+0000] {manager.py:846} INFO - 
================================================================================
DAG File Processing Stats

File Path                                       PID    Runtime      # DAGs    # Errors  Last Runtime    Last Run
----------------------------------------------  -----  ---------  --------  ----------  --------------  -------------------
/usr/local/airflow/dags/walmart-ml-workflow.py                           1           0  0.42s           2022-11-14T05:41:26
================================================================================
[2022-11-14T05:42:26.307+0000] {manager.py:846} INFO - 
================================================================================
DAG File Processing Stats

File Path                                       PID    Runtime      # DAGs    # Errors  Last Runtime    Last Run
----------------------------------------------  -----  ---------  --------  ----------  --------------  -------------------
/usr/local/airflow/dags/walmart-ml-workflow.py                           1           0  0.43s           2022-11-14T05:41:56
================================================================================
[2022-11-14T05:42:56.878+0000] {manager.py:846} INFO - 
================================================================================
DAG File Processing Stats

File Path                                       PID    Runtime      # DAGs    # Errors  Last Runtime    Last Run
----------------------------------------------  -----  ---------  --------  ----------  --------------  -------------------
/usr/local/airflow/dags/walmart-ml-workflow.py                           1           0  0.40s           2022-11-14T05:42:27
================================================================================
[2022-11-14T05:43:27.752+0000] {manager.py:846} INFO - 
================================================================================
DAG File Processing Stats

File Path                                       PID    Runtime      # DAGs    # Errors  Last Runtime    Last Run
----------------------------------------------  -----  ---------  --------  ----------  --------------  -------------------
/usr/local/airflow/dags/walmart-ml-workflow.py                           1           0  0.40s           2022-11-14T05:42:58
================================================================================
[2022-11-14T05:43:58.544+0000] {manager.py:846} INFO - 
================================================================================
DAG File Processing Stats

File Path                                       PID    Runtime      # DAGs    # Errors  Last Runtime    Last Run
----------------------------------------------  -----  ---------  --------  ----------  --------------  -------------------
/usr/local/airflow/dags/walmart-ml-workflow.py                           1           0  0.49s           2022-11-14T05:43:42
================================================================================
[2022-11-14T05:44:16.009+0000] {manager.py:724} INFO - Searching for files in /usr/local/airflow/dags
[2022-11-14T05:44:16.036+0000] {manager.py:727} INFO - There are 1 files in /usr/local/airflow/dags
[2022-11-14T05:44:28.665+0000] {manager.py:846} INFO - 
================================================================================
DAG File Processing Stats

File Path                                       PID    Runtime      # DAGs    # Errors  Last Runtime    Last Run
----------------------------------------------  -----  ---------  --------  ----------  --------------  -------------------
/usr/local/airflow/dags/walmart-ml-workflow.py                           1           0  0.57s           2022-11-14T05:44:13
================================================================================
[2022-11-14T05:44:59.190+0000] {manager.py:846} INFO - 
================================================================================
DAG File Processing Stats

File Path                                       PID    Runtime      # DAGs    # Errors  Last Runtime    Last Run
----------------------------------------------  -----  ---------  --------  ----------  --------------  -------------------
/usr/local/airflow/dags/walmart-ml-workflow.py                           1           0  0.46s           2022-11-14T05:44:44
================================================================================
[2022-11-14T05:45:29.214+0000] {manager.py:846} INFO - 
================================================================================
DAG File Processing Stats

File Path                                       PID    Runtime      # DAGs    # Errors  Last Runtime    Last Run
----------------------------------------------  -----  ---------  --------  ----------  --------------  -------------------
/usr/local/airflow/dags/walmart-ml-workflow.py                           1           0  0.42s           2022-11-14T05:45:14
================================================================================
[2022-11-14T05:45:59.967+0000] {manager.py:846} INFO - 
================================================================================
DAG File Processing Stats

File Path                                       PID    Runtime      # DAGs    # Errors  Last Runtime    Last Run
----------------------------------------------  -----  ---------  --------  ----------  --------------  -------------------
/usr/local/airflow/dags/walmart-ml-workflow.py                           1           0  0.42s           2022-11-14T05:45:45
================================================================================
[2022-11-14T05:46:30.087+0000] {manager.py:846} INFO - 
================================================================================
DAG File Processing Stats

File Path                                       PID    Runtime      # DAGs    # Errors  Last Runtime    Last Run
----------------------------------------------  -----  ---------  --------  ----------  --------------  -------------------
/usr/local/airflow/dags/walmart-ml-workflow.py                           1           0  0.41s           2022-11-14T05:46:16
================================================================================
[2022-11-14T05:47:00.773+0000] {manager.py:846} INFO - 
================================================================================
DAG File Processing Stats

File Path                                       PID    Runtime      # DAGs    # Errors  Last Runtime    Last Run
----------------------------------------------  -----  ---------  --------  ----------  --------------  -------------------
/usr/local/airflow/dags/walmart-ml-workflow.py                           1           0  0.45s           2022-11-14T05:46:47
================================================================================
[2022-11-14T05:47:30.980+0000] {manager.py:846} INFO - 
================================================================================
DAG File Processing Stats

File Path                                       PID    Runtime      # DAGs    # Errors  Last Runtime    Last Run
----------------------------------------------  -----  ---------  --------  ----------  --------------  -------------------
/usr/local/airflow/dags/walmart-ml-workflow.py                           1           0  0.53s           2022-11-14T05:47:18
================================================================================
[2022-11-14T05:47:57.321+0000] {manager.py:465} INFO - Exiting gracefully upon receiving signal 15
[2022-11-14T05:49:21.403+0000] {manager.py:483} INFO - Processing files using up to 2 processes at a time 
[2022-11-14T05:49:21.413+0000] {manager.py:484} INFO - Process each file at most once every 30 seconds
[2022-11-14T05:49:21.414+0000] {manager.py:485} INFO - Checking for new files in /usr/local/airflow/dags every 300 seconds
[2022-11-14T05:49:21.415+0000] {manager.py:724} INFO - Searching for files in /usr/local/airflow/dags
[2022-11-14T05:49:21.443+0000] {manager.py:727} INFO - There are 1 files in /usr/local/airflow/dags
[2022-11-14T05:49:21.653+0000] {manager.py:846} INFO - 
================================================================================
DAG File Processing Stats

File Path                                         PID  Runtime      # DAGs    # Errors  Last Runtime    Last Run
----------------------------------------------  -----  ---------  --------  ----------  --------------  ----------
/usr/local/airflow/dags/walmart-ml-workflow.py    210  0.06s             0           0
================================================================================
[2022-11-14T05:49:51.993+0000] {manager.py:846} INFO - 
================================================================================
DAG File Processing Stats

File Path                                       PID    Runtime      # DAGs    # Errors  Last Runtime    Last Run
----------------------------------------------  -----  ---------  --------  ----------  --------------  -------------------
/usr/local/airflow/dags/walmart-ml-workflow.py                           1           0  0.48s           2022-11-14T05:49:22
================================================================================
[2022-11-14T05:50:22.379+0000] {manager.py:846} INFO - 
================================================================================
DAG File Processing Stats

File Path                                       PID    Runtime      # DAGs    # Errors  Last Runtime    Last Run
----------------------------------------------  -----  ---------  --------  ----------  --------------  -------------------
/usr/local/airflow/dags/walmart-ml-workflow.py                           1           0  0.88s           2022-11-14T05:49:53
================================================================================
[2022-11-14T05:50:52.755+0000] {manager.py:846} INFO - 
================================================================================
DAG File Processing Stats

File Path                                       PID    Runtime      # DAGs    # Errors  Last Runtime    Last Run
----------------------------------------------  -----  ---------  --------  ----------  --------------  -------------------
/usr/local/airflow/dags/walmart-ml-workflow.py                           1           0  0.51s           2022-11-14T05:50:23
================================================================================
[2022-11-14T05:50:52.947+0000] {manager.py:465} INFO - Exiting gracefully upon receiving signal 15
[2022-11-14T05:52:29.153+0000] {manager.py:483} INFO - Processing files using up to 2 processes at a time 
[2022-11-14T05:52:29.158+0000] {manager.py:484} INFO - Process each file at most once every 30 seconds
[2022-11-14T05:52:29.159+0000] {manager.py:485} INFO - Checking for new files in /usr/local/airflow/dags every 300 seconds
[2022-11-14T05:52:29.160+0000] {manager.py:724} INFO - Searching for files in /usr/local/airflow/dags
[2022-11-14T05:52:29.181+0000] {manager.py:727} INFO - There are 1 files in /usr/local/airflow/dags
[2022-11-14T05:52:29.321+0000] {manager.py:846} INFO - 
================================================================================
DAG File Processing Stats

File Path                                         PID  Runtime      # DAGs    # Errors  Last Runtime    Last Run
----------------------------------------------  -----  ---------  --------  ----------  --------------  ----------
/usr/local/airflow/dags/walmart-ml-workflow.py    209  0.04s             0           0
================================================================================
[2022-11-14T05:52:59.612+0000] {manager.py:846} INFO - 
================================================================================
DAG File Processing Stats

File Path                                         PID  Runtime      # DAGs    # Errors  Last Runtime    Last Run
----------------------------------------------  -----  ---------  --------  ----------  --------------  -------------------
/usr/local/airflow/dags/walmart-ml-workflow.py    216  0.02s             1           0  0.29s           2022-11-14T05:52:29
================================================================================
[2022-11-14T05:53:30.061+0000] {manager.py:846} INFO - 
================================================================================
DAG File Processing Stats

File Path                                         PID  Runtime      # DAGs    # Errors  Last Runtime    Last Run
----------------------------------------------  -----  ---------  --------  ----------  --------------  -------------------
/usr/local/airflow/dags/walmart-ml-workflow.py    222  0.01s             1           0  0.45s           2022-11-14T05:53:00
================================================================================
[2022-11-14T05:54:00.566+0000] {manager.py:846} INFO - 
================================================================================
DAG File Processing Stats

File Path                                         PID  Runtime      # DAGs    # Errors  Last Runtime    Last Run
----------------------------------------------  -----  ---------  --------  ----------  --------------  -------------------
/usr/local/airflow/dags/walmart-ml-workflow.py    228  0.02s             1           0  0.37s           2022-11-14T05:53:30
================================================================================
[2022-11-14T05:54:31.057+0000] {manager.py:846} INFO - 
================================================================================
DAG File Processing Stats

File Path                                         PID  Runtime      # DAGs    # Errors  Last Runtime    Last Run
----------------------------------------------  -----  ---------  --------  ----------  --------------  -------------------
/usr/local/airflow/dags/walmart-ml-workflow.py    234  0.02s             1           0  0.41s           2022-11-14T05:54:00
================================================================================
[2022-11-14T05:55:01.841+0000] {manager.py:846} INFO - 
================================================================================
DAG File Processing Stats

File Path                                         PID  Runtime      # DAGs    # Errors  Last Runtime    Last Run
----------------------------------------------  -----  ---------  --------  ----------  --------------  -------------------
/usr/local/airflow/dags/walmart-ml-workflow.py    240  0.02s             1           0  0.41s           2022-11-14T05:54:31
================================================================================
[2022-11-14T05:55:32.724+0000] {manager.py:846} INFO - 
================================================================================
DAG File Processing Stats

File Path                                         PID  Runtime      # DAGs    # Errors  Last Runtime    Last Run
----------------------------------------------  -----  ---------  --------  ----------  --------------  -------------------
/usr/local/airflow/dags/walmart-ml-workflow.py    246  0.03s             1           0  0.39s           2022-11-14T05:55:02
================================================================================
[2022-11-14T05:56:03.422+0000] {manager.py:846} INFO - 
================================================================================
DAG File Processing Stats

File Path                                         PID  Runtime      # DAGs    # Errors  Last Runtime    Last Run
----------------------------------------------  -----  ---------  --------  ----------  --------------  -------------------
/usr/local/airflow/dags/walmart-ml-workflow.py    252  0.02s             1           0  0.38s           2022-11-14T05:55:33
================================================================================
[2022-11-14T05:56:34.035+0000] {manager.py:846} INFO - 
================================================================================
DAG File Processing Stats

File Path                                         PID  Runtime      # DAGs    # Errors  Last Runtime    Last Run
----------------------------------------------  -----  ---------  --------  ----------  --------------  -------------------
/usr/local/airflow/dags/walmart-ml-workflow.py    258  0.04s             1           0  0.45s           2022-11-14T05:56:03
================================================================================
[2022-11-14T05:57:04.049+0000] {manager.py:846} INFO - 
================================================================================
DAG File Processing Stats

File Path                                       PID    Runtime      # DAGs    # Errors  Last Runtime    Last Run
----------------------------------------------  -----  ---------  --------  ----------  --------------  -------------------
/usr/local/airflow/dags/walmart-ml-workflow.py                           1           0  0.42s           2022-11-14T05:56:34
================================================================================
[2022-11-14T05:57:29.465+0000] {manager.py:724} INFO - Searching for files in /usr/local/airflow/dags
[2022-11-14T05:57:29.506+0000] {manager.py:727} INFO - There are 1 files in /usr/local/airflow/dags
[2022-11-14T05:57:34.727+0000] {manager.py:846} INFO - 
================================================================================
DAG File Processing Stats

File Path                                       PID    Runtime      # DAGs    # Errors  Last Runtime    Last Run
----------------------------------------------  -----  ---------  --------  ----------  --------------  -------------------
/usr/local/airflow/dags/walmart-ml-workflow.py                           1           0  0.81s           2022-11-14T05:57:05
================================================================================
[2022-11-14T05:58:05.615+0000] {manager.py:846} INFO - 
================================================================================
DAG File Processing Stats

File Path                                       PID    Runtime      # DAGs    # Errors  Last Runtime    Last Run
----------------------------------------------  -----  ---------  --------  ----------  --------------  -------------------
/usr/local/airflow/dags/walmart-ml-workflow.py                           1           0  0.43s           2022-11-14T05:57:37
================================================================================
[2022-11-14T05:58:35.947+0000] {manager.py:846} INFO - 
================================================================================
DAG File Processing Stats

File Path                                       PID    Runtime      # DAGs    # Errors  Last Runtime    Last Run
----------------------------------------------  -----  ---------  --------  ----------  --------------  -------------------
/usr/local/airflow/dags/walmart-ml-workflow.py                           1           0  0.64s           2022-11-14T05:58:08
================================================================================
[2022-11-14T05:59:06.174+0000] {manager.py:846} INFO - 
================================================================================
DAG File Processing Stats

File Path                                       PID    Runtime      # DAGs    # Errors  Last Runtime    Last Run
----------------------------------------------  -----  ---------  --------  ----------  --------------  -------------------
/usr/local/airflow/dags/walmart-ml-workflow.py                           1           0  0.46s           2022-11-14T05:58:38
================================================================================
[2022-11-14T05:59:36.197+0000] {manager.py:846} INFO - 
================================================================================
DAG File Processing Stats

File Path                                       PID    Runtime      # DAGs    # Errors  Last Runtime    Last Run
----------------------------------------------  -----  ---------  --------  ----------  --------------  -------------------
/usr/local/airflow/dags/walmart-ml-workflow.py                           1           0  0.44s           2022-11-14T05:59:09
================================================================================
[2022-11-14T06:00:06.275+0000] {manager.py:846} INFO - 
================================================================================
DAG File Processing Stats

File Path                                       PID    Runtime      # DAGs    # Errors  Last Runtime    Last Run
----------------------------------------------  -----  ---------  --------  ----------  --------------  -------------------
/usr/local/airflow/dags/walmart-ml-workflow.py                           1           0  0.39s           2022-11-14T05:59:40
================================================================================
[2022-11-14T06:00:36.876+0000] {manager.py:846} INFO - 
================================================================================
DAG File Processing Stats

File Path                                       PID    Runtime      # DAGs    # Errors  Last Runtime    Last Run
----------------------------------------------  -----  ---------  --------  ----------  --------------  -------------------
/usr/local/airflow/dags/walmart-ml-workflow.py                           1           0  0.45s           2022-11-14T06:00:11
================================================================================
[2022-11-14T06:01:07.867+0000] {manager.py:846} INFO - 
================================================================================
DAG File Processing Stats

File Path                                       PID    Runtime      # DAGs    # Errors  Last Runtime    Last Run
----------------------------------------------  -----  ---------  --------  ----------  --------------  -------------------
/usr/local/airflow/dags/walmart-ml-workflow.py                           1           0  0.42s           2022-11-14T06:00:42
================================================================================
[2022-11-14T06:01:38.109+0000] {manager.py:846} INFO - 
================================================================================
DAG File Processing Stats

File Path                                       PID    Runtime      # DAGs    # Errors  Last Runtime    Last Run
----------------------------------------------  -----  ---------  --------  ----------  --------------  -------------------
/usr/local/airflow/dags/walmart-ml-workflow.py                           1           0  0.45s           2022-11-14T06:01:13
================================================================================
[2022-11-14T06:02:08.634+0000] {manager.py:846} INFO - 
================================================================================
DAG File Processing Stats

File Path                                       PID    Runtime      # DAGs    # Errors  Last Runtime    Last Run
----------------------------------------------  -----  ---------  --------  ----------  --------------  -------------------
/usr/local/airflow/dags/walmart-ml-workflow.py                           1           0  0.42s           2022-11-14T06:01:44
================================================================================
[2022-11-14T06:02:30.073+0000] {manager.py:724} INFO - Searching for files in /usr/local/airflow/dags
[2022-11-14T06:02:30.103+0000] {manager.py:727} INFO - There are 1 files in /usr/local/airflow/dags
[2022-11-14T06:02:39.266+0000] {manager.py:846} INFO - 
================================================================================
DAG File Processing Stats

File Path                                       PID    Runtime      # DAGs    # Errors  Last Runtime    Last Run
----------------------------------------------  -----  ---------  --------  ----------  --------------  -------------------
/usr/local/airflow/dags/walmart-ml-workflow.py                           1           0  0.38s           2022-11-14T06:02:15
================================================================================
[2022-11-14T06:02:48.212+0000] {manager.py:465} INFO - Exiting gracefully upon receiving signal 15
[2022-11-14T06:04:54.653+0000] {manager.py:483} INFO - Processing files using up to 2 processes at a time 
[2022-11-14T06:04:54.668+0000] {manager.py:484} INFO - Process each file at most once every 30 seconds
[2022-11-14T06:04:54.669+0000] {manager.py:485} INFO - Checking for new files in /usr/local/airflow/dags every 300 seconds
[2022-11-14T06:04:54.670+0000] {manager.py:724} INFO - Searching for files in /usr/local/airflow/dags
[2022-11-14T06:04:54.685+0000] {manager.py:727} INFO - There are 1 files in /usr/local/airflow/dags
[2022-11-14T06:04:54.867+0000] {manager.py:846} INFO - 
================================================================================
DAG File Processing Stats

File Path                                         PID  Runtime      # DAGs    # Errors  Last Runtime    Last Run
----------------------------------------------  -----  ---------  --------  ----------  --------------  ----------
/usr/local/airflow/dags/walmart-ml-workflow.py    209  0.05s             0           0
================================================================================
[2022-11-14T06:05:25.137+0000] {manager.py:846} INFO - 
================================================================================
DAG File Processing Stats

File Path                                       PID    Runtime      # DAGs    # Errors  Last Runtime    Last Run
----------------------------------------------  -----  ---------  --------  ----------  --------------  -------------------
/usr/local/airflow/dags/walmart-ml-workflow.py                           1           0  0.36s           2022-11-14T06:04:55
================================================================================
[2022-11-14T06:05:55.640+0000] {manager.py:846} INFO - 
================================================================================
DAG File Processing Stats

File Path                                       PID    Runtime      # DAGs    # Errors  Last Runtime    Last Run
----------------------------------------------  -----  ---------  --------  ----------  --------------  -------------------
/usr/local/airflow/dags/walmart-ml-workflow.py                           1           0  0.38s           2022-11-14T06:05:25
================================================================================
[2022-11-14T06:06:25.723+0000] {manager.py:846} INFO - 
================================================================================
DAG File Processing Stats

File Path                                       PID    Runtime      # DAGs    # Errors  Last Runtime    Last Run
----------------------------------------------  -----  ---------  --------  ----------  --------------  -------------------
/usr/local/airflow/dags/walmart-ml-workflow.py                           1           0  0.42s           2022-11-14T06:05:56
================================================================================
[2022-11-14T06:06:56.005+0000] {manager.py:846} INFO - 
================================================================================
DAG File Processing Stats

File Path                                       PID    Runtime      # DAGs    # Errors  Last Runtime    Last Run
----------------------------------------------  -----  ---------  --------  ----------  --------------  -------------------
/usr/local/airflow/dags/walmart-ml-workflow.py                           1           0  0.41s           2022-11-14T06:06:27
================================================================================
[2022-11-14T06:07:26.263+0000] {manager.py:846} INFO - 
================================================================================
DAG File Processing Stats

File Path                                       PID    Runtime      # DAGs    # Errors  Last Runtime    Last Run
----------------------------------------------  -----  ---------  --------  ----------  --------------  -------------------
/usr/local/airflow/dags/walmart-ml-workflow.py                           1           0  0.47s           2022-11-14T06:06:57
================================================================================
[2022-11-14T06:07:56.705+0000] {manager.py:846} INFO - 
================================================================================
DAG File Processing Stats

File Path                                       PID    Runtime      # DAGs    # Errors  Last Runtime    Last Run
----------------------------------------------  -----  ---------  --------  ----------  --------------  -------------------
/usr/local/airflow/dags/walmart-ml-workflow.py                           1           0  0.45s           2022-11-14T06:07:28
================================================================================
[2022-11-14T06:08:26.832+0000] {manager.py:846} INFO - 
================================================================================
DAG File Processing Stats

File Path                                       PID    Runtime      # DAGs    # Errors  Last Runtime    Last Run
----------------------------------------------  -----  ---------  --------  ----------  --------------  -------------------
/usr/local/airflow/dags/walmart-ml-workflow.py                           1           0  0.51s           2022-11-14T06:07:59
================================================================================
[2022-11-14T06:08:57.340+0000] {manager.py:846} INFO - 
================================================================================
DAG File Processing Stats

File Path                                       PID    Runtime      # DAGs    # Errors  Last Runtime    Last Run
----------------------------------------------  -----  ---------  --------  ----------  --------------  -------------------
/usr/local/airflow/dags/walmart-ml-workflow.py                           1           0  0.46s           2022-11-14T06:08:30
================================================================================
[2022-11-14T06:09:27.762+0000] {manager.py:846} INFO - 
================================================================================
DAG File Processing Stats

File Path                                       PID    Runtime      # DAGs    # Errors  Last Runtime    Last Run
----------------------------------------------  -----  ---------  --------  ----------  --------------  -------------------
/usr/local/airflow/dags/walmart-ml-workflow.py                           1           0  0.43s           2022-11-14T06:09:00
================================================================================
[2022-11-14T06:09:55.347+0000] {manager.py:724} INFO - Searching for files in /usr/local/airflow/dags
[2022-11-14T06:09:55.379+0000] {manager.py:727} INFO - There are 1 files in /usr/local/airflow/dags
[2022-11-14T06:09:58.487+0000] {manager.py:846} INFO - 
================================================================================
DAG File Processing Stats

File Path                                       PID    Runtime      # DAGs    # Errors  Last Runtime    Last Run
----------------------------------------------  -----  ---------  --------  ----------  --------------  -------------------
/usr/local/airflow/dags/walmart-ml-workflow.py                           1           0  0.69s           2022-11-14T06:09:31
================================================================================
[2022-11-14T06:10:28.871+0000] {manager.py:846} INFO - 
================================================================================
DAG File Processing Stats

File Path                                       PID    Runtime      # DAGs    # Errors  Last Runtime    Last Run
----------------------------------------------  -----  ---------  --------  ----------  --------------  -------------------
/usr/local/airflow/dags/walmart-ml-workflow.py                           1           0  0.67s           2022-11-14T06:10:03
================================================================================
[2022-11-14T06:10:58.433+0000] {manager.py:465} INFO - Exiting gracefully upon receiving signal 15
[2022-11-14T06:13:04.952+0000] {manager.py:483} INFO - Processing files using up to 2 processes at a time 
[2022-11-14T06:13:04.964+0000] {manager.py:484} INFO - Process each file at most once every 30 seconds
[2022-11-14T06:13:04.966+0000] {manager.py:485} INFO - Checking for new files in /usr/local/airflow/dags every 300 seconds
[2022-11-14T06:13:04.967+0000] {manager.py:724} INFO - Searching for files in /usr/local/airflow/dags
[2022-11-14T06:13:05.002+0000] {manager.py:727} INFO - There are 1 files in /usr/local/airflow/dags
[2022-11-14T06:13:05.258+0000] {manager.py:846} INFO - 
================================================================================
DAG File Processing Stats

File Path                                         PID  Runtime      # DAGs    # Errors  Last Runtime    Last Run
----------------------------------------------  -----  ---------  --------  ----------  --------------  ----------
/usr/local/airflow/dags/walmart-ml-workflow.py    208  0.07s             0           0
================================================================================
[2022-11-14T06:13:35.595+0000] {manager.py:846} INFO - 
================================================================================
DAG File Processing Stats

File Path                                       PID    Runtime      # DAGs    # Errors  Last Runtime    Last Run
----------------------------------------------  -----  ---------  --------  ----------  --------------  -------------------
/usr/local/airflow/dags/walmart-ml-workflow.py                           1           0  0.38s           2022-11-14T06:13:05
================================================================================
[2022-11-14T06:14:06.218+0000] {manager.py:465} INFO - Exiting gracefully upon receiving signal 15
[2022-11-14T06:15:06.043+0000] {manager.py:483} INFO - Processing files using up to 2 processes at a time 
[2022-11-14T06:15:06.057+0000] {manager.py:484} INFO - Process each file at most once every 30 seconds
[2022-11-14T06:15:06.058+0000] {manager.py:485} INFO - Checking for new files in /usr/local/airflow/dags every 300 seconds
[2022-11-14T06:15:06.059+0000] {manager.py:724} INFO - Searching for files in /usr/local/airflow/dags
[2022-11-14T06:15:06.074+0000] {manager.py:727} INFO - There are 1 files in /usr/local/airflow/dags
[2022-11-14T06:15:06.226+0000] {manager.py:846} INFO - 
================================================================================
DAG File Processing Stats

File Path                                         PID  Runtime      # DAGs    # Errors  Last Runtime    Last Run
----------------------------------------------  -----  ---------  --------  ----------  --------------  ----------
/usr/local/airflow/dags/walmart-ml-workflow.py    208  0.04s             0           0
================================================================================
[2022-11-14T06:15:36.458+0000] {manager.py:846} INFO - 
================================================================================
DAG File Processing Stats

File Path                                       PID    Runtime      # DAGs    # Errors  Last Runtime    Last Run
----------------------------------------------  -----  ---------  --------  ----------  --------------  -------------------
/usr/local/airflow/dags/walmart-ml-workflow.py                           1           0  0.33s           2022-11-14T06:15:06
================================================================================
[2022-11-14T06:15:47.715+0000] {manager.py:465} INFO - Exiting gracefully upon receiving signal 15
[2022-11-14T06:15:47.745+0000] {manager.py:465} INFO - Exiting gracefully upon receiving signal 15
[2022-11-14T06:16:56.840+0000] {manager.py:483} INFO - Processing files using up to 2 processes at a time 
[2022-11-14T06:16:56.848+0000] {manager.py:484} INFO - Process each file at most once every 30 seconds
[2022-11-14T06:16:56.849+0000] {manager.py:485} INFO - Checking for new files in /usr/local/airflow/dags every 300 seconds
[2022-11-14T06:16:56.850+0000] {manager.py:724} INFO - Searching for files in /usr/local/airflow/dags
[2022-11-14T06:16:56.873+0000] {manager.py:727} INFO - There are 1 files in /usr/local/airflow/dags
[2022-11-14T06:16:57.011+0000] {manager.py:846} INFO - 
================================================================================
DAG File Processing Stats

File Path                                         PID  Runtime      # DAGs    # Errors  Last Runtime    Last Run
----------------------------------------------  -----  ---------  --------  ----------  --------------  ----------
/usr/local/airflow/dags/walmart-ml-workflow.py    223  0.04s             0           0
================================================================================
[2022-11-14T06:17:29.500+0000] {manager.py:465} INFO - Exiting gracefully upon receiving signal 15
[2022-11-14T06:17:29.504+0000] {manager.py:465} INFO - Exiting gracefully upon receiving signal 15
[2022-11-14T06:18:30.924+0000] {manager.py:483} INFO - Processing files using up to 2 processes at a time 
[2022-11-14T06:18:30.933+0000] {manager.py:484} INFO - Process each file at most once every 30 seconds
[2022-11-14T06:18:30.934+0000] {manager.py:485} INFO - Checking for new files in /usr/local/airflow/dags every 300 seconds
[2022-11-14T06:18:30.935+0000] {manager.py:724} INFO - Searching for files in /usr/local/airflow/dags
[2022-11-14T06:18:30.950+0000] {manager.py:727} INFO - There are 1 files in /usr/local/airflow/dags
[2022-11-14T06:18:31.125+0000] {manager.py:846} INFO - 
================================================================================
DAG File Processing Stats

File Path                                         PID  Runtime      # DAGs    # Errors  Last Runtime    Last Run
----------------------------------------------  -----  ---------  --------  ----------  --------------  ----------
/usr/local/airflow/dags/walmart-ml-workflow.py    217  0.06s             0           0
================================================================================
[2022-11-14T06:19:01.882+0000] {manager.py:846} INFO - 
================================================================================
DAG File Processing Stats

File Path                                         PID  Runtime      # DAGs    # Errors  Last Runtime    Last Run
----------------------------------------------  -----  ---------  --------  ----------  --------------  -------------------
/usr/local/airflow/dags/walmart-ml-workflow.py    441  0.15s             1           0  0.34s           2022-11-14T06:18:31
================================================================================
[2022-11-14T06:19:17.655+0000] {manager.py:465} INFO - Exiting gracefully upon receiving signal 15
[2022-11-14T06:19:17.816+0000] {manager.py:465} INFO - Exiting gracefully upon receiving signal 15
[2022-11-14T06:20:25.889+0000] {manager.py:483} INFO - Processing files using up to 2 processes at a time 
[2022-11-14T06:20:25.945+0000] {manager.py:484} INFO - Process each file at most once every 30 seconds
[2022-11-14T06:20:25.949+0000] {manager.py:485} INFO - Checking for new files in /usr/local/airflow/dags every 300 seconds
[2022-11-14T06:20:25.953+0000] {manager.py:724} INFO - Searching for files in /usr/local/airflow/dags
[2022-11-14T06:20:25.996+0000] {manager.py:727} INFO - There are 1 files in /usr/local/airflow/dags
[2022-11-14T06:20:26.232+0000] {manager.py:846} INFO - 
================================================================================
DAG File Processing Stats

File Path                                         PID  Runtime      # DAGs    # Errors  Last Runtime    Last Run
----------------------------------------------  -----  ---------  --------  ----------  --------------  ----------
/usr/local/airflow/dags/walmart-ml-workflow.py    210  0.06s             0           0
================================================================================
[2022-11-14T06:20:56.315+0000] {manager.py:846} INFO - 
================================================================================
DAG File Processing Stats

File Path                                       PID    Runtime      # DAGs    # Errors  Last Runtime    Last Run
----------------------------------------------  -----  ---------  --------  ----------  --------------  -------------------
/usr/local/airflow/dags/walmart-ml-workflow.py                           1           0  0.54s           2022-11-14T06:20:26
================================================================================
[2022-11-14T06:21:27.150+0000] {manager.py:846} INFO - 
================================================================================
DAG File Processing Stats

File Path                                       PID    Runtime      # DAGs    # Errors  Last Runtime    Last Run
----------------------------------------------  -----  ---------  --------  ----------  --------------  -------------------
/usr/local/airflow/dags/walmart-ml-workflow.py                           1           0  0.44s           2022-11-14T06:20:57
================================================================================
[2022-11-14T06:21:57.972+0000] {manager.py:846} INFO - 
================================================================================
DAG File Processing Stats

File Path                                       PID    Runtime      # DAGs    # Errors  Last Runtime    Last Run
----------------------------------------------  -----  ---------  --------  ----------  --------------  -------------------
/usr/local/airflow/dags/walmart-ml-workflow.py                           1           0  0.40s           2022-11-14T06:21:28
================================================================================
[2022-11-14T06:22:28.725+0000] {manager.py:846} INFO - 
================================================================================
DAG File Processing Stats

File Path                                       PID    Runtime      # DAGs    # Errors  Last Runtime    Last Run
----------------------------------------------  -----  ---------  --------  ----------  --------------  -------------------
/usr/local/airflow/dags/walmart-ml-workflow.py                           1           0  0.88s           2022-11-14T06:21:59
================================================================================
[2022-11-14T06:22:58.756+0000] {manager.py:846} INFO - 
================================================================================
DAG File Processing Stats

File Path                                       PID    Runtime      # DAGs    # Errors  Last Runtime    Last Run
----------------------------------------------  -----  ---------  --------  ----------  --------------  -------------------
/usr/local/airflow/dags/walmart-ml-workflow.py                           1           0  0.39s           2022-11-14T06:22:31
================================================================================
[2022-11-14T06:23:29.316+0000] {manager.py:846} INFO - 
================================================================================
DAG File Processing Stats

File Path                                       PID    Runtime      # DAGs    # Errors  Last Runtime    Last Run
----------------------------------------------  -----  ---------  --------  ----------  --------------  -------------------
/usr/local/airflow/dags/walmart-ml-workflow.py                           1           0  0.66s           2022-11-14T06:23:02
================================================================================
[2022-11-14T06:23:59.356+0000] {manager.py:846} INFO - 
================================================================================
DAG File Processing Stats

File Path                                       PID    Runtime      # DAGs    # Errors  Last Runtime    Last Run
----------------------------------------------  -----  ---------  --------  ----------  --------------  -------------------
/usr/local/airflow/dags/walmart-ml-workflow.py                           1           0  0.41s           2022-11-14T06:23:32
================================================================================
[2022-11-14T06:24:29.486+0000] {manager.py:846} INFO - 
================================================================================
DAG File Processing Stats

File Path                                       PID    Runtime      # DAGs    # Errors  Last Runtime    Last Run
----------------------------------------------  -----  ---------  --------  ----------  --------------  -------------------
/usr/local/airflow/dags/walmart-ml-workflow.py                           1           0  0.41s           2022-11-14T06:24:03
================================================================================
[2022-11-14T06:25:00.215+0000] {manager.py:846} INFO - 
================================================================================
DAG File Processing Stats

File Path                                       PID    Runtime      # DAGs    # Errors  Last Runtime    Last Run
----------------------------------------------  -----  ---------  --------  ----------  --------------  -------------------
/usr/local/airflow/dags/walmart-ml-workflow.py                           1           0  0.40s           2022-11-14T06:24:34
================================================================================
[2022-11-14T06:25:26.176+0000] {manager.py:724} INFO - Searching for files in /usr/local/airflow/dags
[2022-11-14T06:25:26.227+0000] {manager.py:727} INFO - There are 1 files in /usr/local/airflow/dags
[2022-11-14T06:25:30.428+0000] {manager.py:846} INFO - 
================================================================================
DAG File Processing Stats

File Path                                       PID    Runtime      # DAGs    # Errors  Last Runtime    Last Run
----------------------------------------------  -----  ---------  --------  ----------  --------------  -------------------
/usr/local/airflow/dags/walmart-ml-workflow.py                           1           0  0.56s           2022-11-14T06:25:20
================================================================================
[2022-11-14T06:26:00.555+0000] {manager.py:846} INFO - 
================================================================================
DAG File Processing Stats

File Path                                       PID    Runtime      # DAGs    # Errors  Last Runtime    Last Run
----------------------------------------------  -----  ---------  --------  ----------  --------------  -------------------
/usr/local/airflow/dags/walmart-ml-workflow.py                           1           0  0.43s           2022-11-14T06:25:51
================================================================================
[2022-11-14T06:26:30.928+0000] {manager.py:846} INFO - 
================================================================================
DAG File Processing Stats

File Path                                       PID    Runtime      # DAGs    # Errors  Last Runtime    Last Run
----------------------------------------------  -----  ---------  --------  ----------  --------------  -------------------
/usr/local/airflow/dags/walmart-ml-workflow.py                           1           0  0.40s           2022-11-14T06:26:21
================================================================================
[2022-11-14T06:27:01.003+0000] {manager.py:846} INFO - 
================================================================================
DAG File Processing Stats

File Path                                       PID    Runtime      # DAGs    # Errors  Last Runtime    Last Run
----------------------------------------------  -----  ---------  --------  ----------  --------------  -------------------
/usr/local/airflow/dags/walmart-ml-workflow.py                           1           0  0.44s           2022-11-14T06:26:59
================================================================================
[2022-11-14T06:27:31.666+0000] {manager.py:846} INFO - 
================================================================================
DAG File Processing Stats

File Path                                       PID    Runtime      # DAGs    # Errors  Last Runtime    Last Run
----------------------------------------------  -----  ---------  --------  ----------  --------------  -------------------
/usr/local/airflow/dags/walmart-ml-workflow.py                           1           0  0.50s           2022-11-14T06:27:30
================================================================================
[2022-11-14T06:28:02.203+0000] {manager.py:846} INFO - 
================================================================================
DAG File Processing Stats

File Path                                       PID    Runtime      # DAGs    # Errors  Last Runtime    Last Run
----------------------------------------------  -----  ---------  --------  ----------  --------------  -------------------
/usr/local/airflow/dags/walmart-ml-workflow.py                           1           0  0.39s           2022-11-14T06:28:01
================================================================================
[2022-11-14T06:28:33.035+0000] {manager.py:846} INFO - 
================================================================================
DAG File Processing Stats

File Path                                       PID    Runtime      # DAGs    # Errors  Last Runtime    Last Run
----------------------------------------------  -----  ---------  --------  ----------  --------------  -------------------
/usr/local/airflow/dags/walmart-ml-workflow.py                           1           0  0.39s           2022-11-14T06:28:32
================================================================================
[2022-11-14T06:29:03.700+0000] {manager.py:846} INFO - 
================================================================================
DAG File Processing Stats

File Path                                       PID    Runtime      # DAGs    # Errors  Last Runtime    Last Run
----------------------------------------------  -----  ---------  --------  ----------  --------------  -------------------
/usr/local/airflow/dags/walmart-ml-workflow.py                           1           0  0.37s           2022-11-14T06:29:03
================================================================================
[2022-11-14T06:29:33.740+0000] {manager.py:846} INFO - 
================================================================================
DAG File Processing Stats

File Path                                       PID    Runtime      # DAGs    # Errors  Last Runtime    Last Run
----------------------------------------------  -----  ---------  --------  ----------  --------------  -------------------
/usr/local/airflow/dags/walmart-ml-workflow.py                           1           0  0.41s           2022-11-14T06:29:33
================================================================================
[2022-11-14T06:30:04.461+0000] {manager.py:846} INFO - 
================================================================================
DAG File Processing Stats

File Path                                       PID    Runtime      # DAGs    # Errors  Last Runtime    Last Run
----------------------------------------------  -----  ---------  --------  ----------  --------------  -------------------
/usr/local/airflow/dags/walmart-ml-workflow.py                           1           0  0.50s           2022-11-14T06:29:40
================================================================================
[2022-11-14T06:30:26.316+0000] {manager.py:724} INFO - Searching for files in /usr/local/airflow/dags
[2022-11-14T06:30:26.378+0000] {manager.py:727} INFO - There are 1 files in /usr/local/airflow/dags
[2022-11-14T06:30:34.639+0000] {manager.py:846} INFO - 
================================================================================
DAG File Processing Stats

File Path                                       PID    Runtime      # DAGs    # Errors  Last Runtime    Last Run
----------------------------------------------  -----  ---------  --------  ----------  --------------  -------------------
/usr/local/airflow/dags/walmart-ml-workflow.py                           1           0  0.42s           2022-11-14T06:30:11
================================================================================
[2022-11-14T06:31:05.489+0000] {manager.py:846} INFO - 
================================================================================
DAG File Processing Stats

File Path                                       PID    Runtime      # DAGs    # Errors  Last Runtime    Last Run
----------------------------------------------  -----  ---------  --------  ----------  --------------  -------------------
/usr/local/airflow/dags/walmart-ml-workflow.py                           1           0  0.41s           2022-11-14T06:30:41
================================================================================
[2022-11-14T06:31:35.904+0000] {manager.py:846} INFO - 
================================================================================
DAG File Processing Stats

File Path                                       PID    Runtime      # DAGs    # Errors  Last Runtime    Last Run
----------------------------------------------  -----  ---------  --------  ----------  --------------  -------------------
/usr/local/airflow/dags/walmart-ml-workflow.py                           1           0  0.61s           2022-11-14T06:31:13
================================================================================
[2022-11-14T06:32:06.073+0000] {manager.py:846} INFO - 
================================================================================
DAG File Processing Stats

File Path                                       PID    Runtime      # DAGs    # Errors  Last Runtime    Last Run
----------------------------------------------  -----  ---------  --------  ----------  --------------  -------------------
/usr/local/airflow/dags/walmart-ml-workflow.py                           1           0  0.36s           2022-11-14T06:31:43
================================================================================
[2022-11-14T06:32:36.206+0000] {manager.py:846} INFO - 
================================================================================
DAG File Processing Stats

File Path                                       PID    Runtime      # DAGs    # Errors  Last Runtime    Last Run
----------------------------------------------  -----  ---------  --------  ----------  --------------  -------------------
/usr/local/airflow/dags/walmart-ml-workflow.py                           1           0  0.45s           2022-11-14T06:32:14
================================================================================
[2022-11-14T06:33:06.846+0000] {manager.py:846} INFO - 
================================================================================
DAG File Processing Stats

File Path                                       PID    Runtime      # DAGs    # Errors  Last Runtime    Last Run
----------------------------------------------  -----  ---------  --------  ----------  --------------  -------------------
/usr/local/airflow/dags/walmart-ml-workflow.py                           1           0  0.44s           2022-11-14T06:32:45
================================================================================
[2022-11-14T06:33:37.773+0000] {manager.py:846} INFO - 
================================================================================
DAG File Processing Stats

File Path                                       PID    Runtime      # DAGs    # Errors  Last Runtime    Last Run
----------------------------------------------  -----  ---------  --------  ----------  --------------  -------------------
/usr/local/airflow/dags/walmart-ml-workflow.py                           1           0  5.17s           2022-11-14T06:33:21
================================================================================
[2022-11-14T06:33:45.176+0000] {manager.py:465} INFO - Exiting gracefully upon receiving signal 15
[2022-11-14T06:34:57.522+0000] {manager.py:483} INFO - Processing files using up to 2 processes at a time 
[2022-11-14T06:34:57.530+0000] {manager.py:484} INFO - Process each file at most once every 30 seconds
[2022-11-14T06:34:57.531+0000] {manager.py:485} INFO - Checking for new files in /usr/local/airflow/dags every 300 seconds
[2022-11-14T06:34:57.532+0000] {manager.py:724} INFO - Searching for files in /usr/local/airflow/dags
[2022-11-14T06:34:57.546+0000] {manager.py:727} INFO - There are 1 files in /usr/local/airflow/dags
[2022-11-14T06:34:57.686+0000] {manager.py:846} INFO - 
================================================================================
DAG File Processing Stats

File Path                                         PID  Runtime      # DAGs    # Errors  Last Runtime    Last Run
----------------------------------------------  -----  ---------  --------  ----------  --------------  ----------
/usr/local/airflow/dags/walmart-ml-workflow.py    222  0.04s             0           0
================================================================================
[2022-11-14T06:35:22.638+0000] {manager.py:465} INFO - Exiting gracefully upon receiving signal 15
