[2022-11-14T06:35:01.261+0000] {taskinstance.py:1165} INFO - Dependencies all met for <TaskInstance: walmart-ml-workflow.get_store_data scheduled__2022-11-14T00:30:00+00:00 [queued]>
[2022-11-14T06:35:01.491+0000] {taskinstance.py:1165} INFO - Dependencies all met for <TaskInstance: walmart-ml-workflow.get_store_data scheduled__2022-11-14T00:30:00+00:00 [queued]>
[2022-11-14T06:35:01.493+0000] {taskinstance.py:1362} INFO - 
--------------------------------------------------------------------------------
[2022-11-14T06:35:01.493+0000] {taskinstance.py:1363} INFO - Starting attempt 2 of 2
[2022-11-14T06:35:01.515+0000] {taskinstance.py:1364} INFO - 
--------------------------------------------------------------------------------
[2022-11-14T06:35:02.562+0000] {listener.py:27} INFO - TaskInstance Details: dag_id=walmart-ml-workflow, task_id=get_store_data, dagrun_id=scheduled__2022-11-14T00:30:00+00:00, map_index=-1, run_start_date=2022-11-14 06:35:01.302675+00:00, try_number=2, job_id=120, op_classpath=airflow.operators.bash.BashOperator
[2022-11-14T06:35:04.110+0000] {factory.py:123} ERROR - Did not find openlineage.yml and OPENLINEAGE_URL is not set
[2022-11-14T06:35:04.126+0000] {factory.py:44} WARNING - Couldn't initialize transport; will print events to console.
[2022-11-14T06:35:04.188+0000] {console.py:22} INFO - {"eventTime": "2022-11-14T06:35:01.302675Z", "eventType": "START", "inputs": [], "job": {"facets": {"documentation": {"_producer": "https://github.com/OpenLineage/OpenLineage/tree/0.15.1/integration/airflow", "_schemaURL": "https://raw.githubusercontent.com/OpenLineage/OpenLineage/main/spec/OpenLineage.json#/definitions/DocumentationJobFacet", "description": "A simple Machine Learning workflow for Walmart Sales"}}, "name": "walmart-ml-workflow.get_store_data", "namespace": "default"}, "outputs": [], "producer": "https://github.com/OpenLineage/OpenLineage/tree/0.15.1/integration/airflow", "run": {"facets": {"airflow_runArgs": {"_producer": "https://github.com/OpenLineage/OpenLineage/tree/0.15.1/integration/airflow", "_schemaURL": "https://raw.githubusercontent.com/OpenLineage/OpenLineage/main/spec/OpenLineage.json#/definitions/BaseFacet", "externalTrigger": false}, "airflow_version": {"_producer": "https://github.com/OpenLineage/OpenLineage/tree/0.15.1/integration/airflow", "_schemaURL": "https://raw.githubusercontent.com/OpenLineage/OpenLineage/main/spec/OpenLineage.json#/definitions/BaseFacet", "airflowVersion": "2.4.2+astro.1", "openlineageAirflowVersion": "0.15.1", "operator": "airflow.operators.bash.BashOperator", "taskInfo": {"_BaseOperator__from_mapped": false, "_BaseOperator__init_kwargs": {"bash_command": "python3 /usr/local/airflow/scripts/get_store_data.py", "depends_on_past": false, "email": [], "email_on_failure": false, "email_on_retry": false, "owner": "Anat Lev-Ari", "retries": 1, "retry_delay": "0:05:00", "task_id": "get_store_data"}, "_BaseOperator__instantiated": true, "_dag": {"dag_id": "walmart-ml-workflow", "schedule_interval": "0:05:00", "tags": []}, "_log": "<Logger airflow.task.operators (INFO)>", "append_env": false, "bash_command": "python3 /usr/local/airflow/scripts/get_store_data.py", "depends_on_past": false, "do_xcom_push": true, "downstream_task_ids": "{'train'}", "email": [], "email_on_failure": false, "email_on_retry": false, "executor_config": {}, "ignore_first_depends_on_past": true, "inlets": [], "outlets": [], "output_encoding": "utf-8", "owner": "Anat Lev-Ari", "params": "{}", "pool": "default_pool", "pool_slots": 1, "priority_weight": 1, "queue": "default", "retries": 1, "retry_delay": "0:05:00", "retry_exponential_backoff": false, "skip_exit_code": 99, "start_date": "2022-11-13T00:00:00+00:00", "task_group": "<airflow.utils.task_group.TaskGroup object at 0x402c16cf70>", "task_id": "get_store_data", "trigger_rule": "all_success", "upstream_task_ids": "set()", "wait_for_downstream": false, "weight_rule": "downstream"}}, "nominalTime": {"_producer": "https://github.com/OpenLineage/OpenLineage/tree/0.15.1/integration/airflow", "_schemaURL": "https://raw.githubusercontent.com/OpenLineage/OpenLineage/main/spec/OpenLineage.json#/definitions/NominalTimeRunFacet", "nominalStartTime": "2022-11-14T00:30:00.000000Z"}, "parent": {"_producer": "https://github.com/OpenLineage/OpenLineage/tree/0.15.1/integration/airflow", "_schemaURL": "https://raw.githubusercontent.com/OpenLineage/OpenLineage/main/spec/OpenLineage.json#/definitions/ParentRunFacet", "job": {"name": "walmart-ml-workflow", "namespace": "default"}, "run": {"runId": "059046ca-bdc7-3198-9ee0-1973c399c56b"}}, "parentRun": {"_producer": "https://github.com/OpenLineage/OpenLineage/tree/0.15.1/integration/airflow", "_schemaURL": "https://raw.githubusercontent.com/OpenLineage/OpenLineage/main/spec/OpenLineage.json#/definitions/ParentRunFacet", "job": {"name": "walmart-ml-workflow", "namespace": "default"}, "run": {"runId": "059046ca-bdc7-3198-9ee0-1973c399c56b"}}, "unknownSourceAttribute": {"_producer": "https://github.com/OpenLineage/OpenLineage/tree/0.15.1/integration/airflow", "_schemaURL": "https://raw.githubusercontent.com/OpenLineage/OpenLineage/main/spec/OpenLineage.json#/definitions/BaseFacet", "unknownItems": [{"name": "BashOperator", "properties": {"_BaseOperator__from_mapped": false, "_BaseOperator__init_kwargs": {"bash_command": "python3 /usr/local/airflow/scripts/get_store_data.py", "depends_on_past": false, "email": [], "email_on_failure": false, "email_on_retry": false, "owner": "Anat Lev-Ari", "retries": 1, "retry_delay": "<<non-serializable: timedelta>>", "task_id": "get_store_data"}, "_BaseOperator__instantiated": true, "_dag": "<<non-serializable: DAG>>", "_log": "<<non-serializable: Logger>>", "append_env": false, "bash_command": "python3 /usr/local/airflow/scripts/get_store_data.py", "depends_on_past": false, "do_xcom_push": true, "downstream_task_ids": [], "email": [], "email_on_failure": false, "email_on_retry": false, "executor_config": {}, "ignore_first_depends_on_past": true, "inlets": [], "outlets": [], "output_encoding": "utf-8", "owner": "Anat Lev-Ari", "params": "<<non-serializable: ParamsDict>>", "pool": "default_pool", "pool_slots": 1, "priority_weight": 1, "queue": "default", "retries": 1, "retry_delay": "<<non-serializable: timedelta>>", "retry_exponential_backoff": false, "skip_exit_code": 99, "start_date": "<<non-serializable: DateTime>>", "task_group": "<<non-serializable: TaskGroup>>", "task_id": "get_store_data", "trigger_rule": "all_success", "upstream_task_ids": [], "wait_for_downstream": false, "weight_rule": "downstream"}, "type": "operator"}]}}, "runId": "29919c70-4b15-4d4f-a03c-74b0e0419187"}}
[2022-11-14T06:35:04.248+0000] {taskinstance.py:1383} INFO - Executing <Task(BashOperator): get_store_data> on 2022-11-14 00:30:00+00:00
[2022-11-14T06:35:04.329+0000] {standard_task_runner.py:55} INFO - Started process 307 to run task
[2022-11-14T06:35:04.486+0000] {standard_task_runner.py:82} INFO - Running: ['airflow', 'tasks', 'run', 'walmart-ml-workflow', 'get_store_data', 'scheduled__2022-11-14T00:30:00+00:00', '--job-id', '120', '--raw', '--subdir', 'DAGS_FOLDER/walmart-ml-workflow.py', '--cfg-path', '/tmp/tmpi655t9q4']
[2022-11-14T06:35:04.599+0000] {standard_task_runner.py:83} INFO - Job 120: Subtask get_store_data
[2022-11-14T06:35:05.132+0000] {logging_mixin.py:120} WARNING - /usr/local/lib/python3.9/site-packages/airflow/configuration.py:545 DeprecationWarning: The sql_alchemy_conn option in [core] has been moved to the sql_alchemy_conn option in [database] - the old setting has been used, but please update your config.
[2022-11-14T06:35:06.937+0000] {task_command.py:376} INFO - Running <TaskInstance: walmart-ml-workflow.get_store_data scheduled__2022-11-14T00:30:00+00:00 [running]> on host b7841698cbf3
[2022-11-14T06:35:09.136+0000] {taskinstance.py:1590} INFO - Exporting the following env vars:
AIRFLOW_CTX_DAG_EMAIL=anatleva@gmail.com
AIRFLOW_CTX_DAG_OWNER=Anat Lev-Ari
AIRFLOW_CTX_DAG_ID=walmart-ml-workflow
AIRFLOW_CTX_TASK_ID=get_store_data
AIRFLOW_CTX_EXECUTION_DATE=2022-11-14T00:30:00+00:00
AIRFLOW_CTX_TRY_NUMBER=2
AIRFLOW_CTX_DAG_RUN_ID=scheduled__2022-11-14T00:30:00+00:00
[2022-11-14T06:35:09.155+0000] {subprocess.py:63} INFO - Tmp dir root location: 
 /tmp
[2022-11-14T06:35:09.183+0000] {subprocess.py:75} INFO - Running command: ['/bin/bash', '-c', 'python3 /usr/local/airflow/scripts/get_store_data.py']
[2022-11-14T06:35:09.564+0000] {subprocess.py:86} INFO - Output:
